# JRE version: OpenJDK Runtime Environment (11.0.10) (build 11.0.10+0-b96-7249189)
# Java VM: OpenJDK 64-Bit Server VM (11.0.10+0-b96-7249189, mixed mode, tiered, compressed oops, g1 gc, windows-amd64)
Heap:
 garbage-first heap   total 110592K, used 62033K [0x0000000080000000, 0x0000000100000000)
  region size 1024K, 23 young (23552K), 7 survivors (7168K)
 Metaspace       used 52054K, capacity 53345K, committed 53452K, reserved 1095680K
  class space    used 6617K, capacity 7070K, committed 7116K, reserved 1048576K
GC Heap History (20 events):
Event: 3.207 GC heap before
{Heap before GC invocations=5 (full 0):
 garbage-first heap   total 76800K, used 30653K [0x0000000080000000, 0x0000000100000000)
  region size 1024K, 17 young (17408K), 2 survivors (2048K)
 Metaspace       used 20533K, capacity 21092K, committed 21248K, reserved 1067008K
  class space    used 2507K, capacity 2690K, committed 2816K, reserved 1048576K
}
Event: 3.212 GC heap after
{Heap after GC invocations=6 (full 0):
 garbage-first heap   total 76800K, used 16846K [0x0000000080000000, 0x0000000100000000)
  region size 1024K, 2 young (2048K), 2 survivors (2048K)
 Metaspace       used 20533K, capacity 21092K, committed 21248K, reserved 1067008K
  class space    used 2507K, capacity 2690K, committed 2816K, reserved 1048576K
}
Event: 3.719 GC heap before
{Heap before GC invocations=7 (full 0):
 garbage-first heap   total 76800K, used 46542K [0x0000000080000000, 0x0000000100000000)
  region size 1024K, 31 young (31744K), 2 survivors (2048K)
 Metaspace       used 23437K, capacity 24119K, committed 24192K, reserved 1071104K
  class space    used 2989K, capacity 3192K, committed 3200K, reserved 1048576K
}
Event: 3.725 GC heap after
{Heap after GC invocations=8 (full 0):
 garbage-first heap   total 76800K, used 17536K [0x0000000080000000, 0x0000000100000000)
  region size 1024K, 3 young (3072K), 3 survivors (3072K)
 Metaspace       used 23437K, capacity 24119K, committed 24192K, reserved 1071104K
  class space    used 2989K, capacity 3192K, committed 3200K, reserved 1048576K
}
Event: 4.136 GC heap before
{Heap before GC invocations=8 (full 0):
 garbage-first heap   total 76800K, used 48256K [0x0000000080000000, 0x0000000100000000)
  region size 1024K, 34 young (34816K), 3 survivors (3072K)
 Metaspace       used 26437K, capacity 27200K, committed 27392K, reserved 1073152K
  class space    used 3484K, capacity 3755K, committed 3840K, reserved 1048576K
}
Event: 4.142 GC heap after
{Heap after GC invocations=9 (full 0):
 garbage-first heap   total 76800K, used 18800K [0x0000000080000000, 0x0000000100000000)
  region size 1024K, 3 young (3072K), 3 survivors (3072K)
 Metaspace       used 26437K, capacity 27200K, committed 27392K, reserved 1073152K
  class space    used 3484K, capacity 3755K, committed 3840K, reserved 1048576K
}
Event: 4.708 GC heap before
{Heap before GC invocations=9 (full 0):
 garbage-first heap   total 76800K, used 51568K [0x0000000080000000, 0x0000000100000000)
  region size 1024K, 35 young (35840K), 3 survivors (3072K)
 Metaspace       used 29964K, capacity 30679K, committed 30976K, reserved 1075200K
  class space    used 4019K, capacity 4274K, committed 4352K, reserved 1048576K
}
Event: 4.714 GC heap after
{Heap after GC invocations=10 (full 0):
 garbage-first heap   total 76800K, used 19554K [0x0000000080000000, 0x0000000100000000)
  region size 1024K, 4 young (4096K), 4 survivors (4096K)
 Metaspace       used 29964K, capacity 30679K, committed 30976K, reserved 1075200K
  class space    used 4019K, capacity 4274K, committed 4352K, reserved 1048576K
}
Event: 5.167 GC heap before
{Heap before GC invocations=10 (full 0):
 garbage-first heap   total 76800K, used 34914K [0x0000000080000000, 0x0000000100000000)
  region size 1024K, 21 young (21504K), 4 survivors (4096K)
 Metaspace       used 35008K, capacity 35826K, committed 35840K, reserved 1081344K
  class space    used 4538K, capacity 4864K, committed 4864K, reserved 1048576K
}
Event: 5.179 GC heap after
{Heap after GC invocations=11 (full 0):
 garbage-first heap   total 92160K, used 21888K [0x0000000080000000, 0x0000000100000000)
  region size 1024K, 5 young (5120K), 5 survivors (5120K)
 Metaspace       used 35008K, capacity 35826K, committed 35840K, reserved 1081344K
  class space    used 4538K, capacity 4864K, committed 4864K, reserved 1048576K
}
Event: 5.748 GC heap before
{Heap before GC invocations=12 (full 0):
 garbage-first heap   total 92160K, used 62848K [0x0000000080000000, 0x0000000100000000)
  region size 1024K, 42 young (43008K), 5 survivors (5120K)
 Metaspace       used 38008K, capacity 38895K, committed 38988K, reserved 1083392K
  class space    used 4841K, capacity 5177K, committed 5196K, reserved 1048576K
}
Event: 5.761 GC heap after
{Heap after GC invocations=13 (full 0):
 garbage-first heap   total 92160K, used 25579K [0x0000000080000000, 0x0000000100000000)
  region size 1024K, 6 young (6144K), 6 survivors (6144K)
 Metaspace       used 38008K, capacity 38895K, committed 38988K, reserved 1083392K
  class space    used 4841K, capacity 5177K, committed 5196K, reserved 1048576K
}
Event: 6.227 GC heap before
{Heap before GC invocations=13 (full 0):
 garbage-first heap   total 92160K, used 62443K [0x0000000080000000, 0x0000000100000000)
  region size 1024K, 42 young (43008K), 6 survivors (6144K)
 Metaspace       used 40589K, capacity 41516K, committed 41804K, reserved 1085440K
  class space    used 5235K, capacity 5598K, committed 5708K, reserved 1048576K
}
Event: 6.238 GC heap after
{Heap after GC invocations=14 (full 0):
 garbage-first heap   total 92160K, used 27276K [0x0000000080000000, 0x0000000100000000)
  region size 1024K, 3 young (3072K), 3 survivors (3072K)
 Metaspace       used 40589K, capacity 41516K, committed 41804K, reserved 1085440K
  class space    used 5235K, capacity 5598K, committed 5708K, reserved 1048576K
}
Event: 6.707 GC heap before
{Heap before GC invocations=14 (full 0):
 garbage-first heap   total 92160K, used 65164K [0x0000000080000000, 0x0000000100000000)
  region size 1024K, 40 young (40960K), 3 survivors (3072K)
 Metaspace       used 44140K, capacity 45169K, committed 45260K, reserved 1089536K
  class space    used 5658K, capacity 6006K, committed 6092K, reserved 1048576K
}
Event: 6.716 GC heap after
{Heap after GC invocations=15 (full 0):
 garbage-first heap   total 92160K, used 28234K [0x0000000080000000, 0x0000000100000000)
  region size 1024K, 4 young (4096K), 4 survivors (4096K)
 Metaspace       used 44140K, capacity 45169K, committed 45260K, reserved 1089536K
  class space    used 5658K, capacity 6006K, committed 6092K, reserved 1048576K
}
Event: 7.742 GC heap before
{Heap before GC invocations=15 (full 0):
 garbage-first heap   total 92160K, used 68170K [0x0000000080000000, 0x0000000100000000)
  region size 1024K, 43 young (44032K), 4 survivors (4096K)
 Metaspace       used 46743K, capacity 47958K, committed 48204K, reserved 1091584K
  class space    used 5977K, capacity 6421K, committed 6476K, reserved 1048576K
}
Event: 7.752 GC heap after
{Heap after GC invocations=16 (full 0):
 garbage-first heap   total 110592K, used 29955K [0x0000000080000000, 0x0000000100000000)
  region size 1024K, 4 young (4096K), 4 survivors (4096K)
 Metaspace       used 46743K, capacity 47958K, committed 48204K, reserved 1091584K
  class space    used 5977K, capacity 6421K, committed 6476K, reserved 1048576K
}
Event: 8.818 GC heap before
{Heap before GC invocations=16 (full 0):
 garbage-first heap   total 110592K, used 85251K [0x0000000080000000, 0x0000000100000000)
  region size 1024K, 51 young (52224K), 4 survivors (4096K)
 Metaspace       used 49985K, capacity 51261K, committed 51404K, reserved 1093632K
  class space    used 6356K, capacity 6802K, committed 6860K, reserved 1048576K
}
Event: 8.828 GC heap after
{Heap after GC invocations=17 (full 0):
 garbage-first heap   total 110592K, used 46673K [0x0000000080000000, 0x0000000100000000)
  region size 1024K, 7 young (7168K), 7 survivors (7168K)
 Metaspace       used 49985K, capacity 51261K, committed 51404K, reserved 1093632K
  class space    used 6356K, capacity 6802K, committed 6860K, reserved 1048576K
}

