# JRE version: OpenJDK Runtime Environment (11.0.10) (build 11.0.10+0-b96-7249189)
# Java VM: OpenJDK 64-Bit Server VM (11.0.10+0-b96-7249189, mixed mode, tiered, compressed oops, g1 gc, windows-amd64)
Heap:
 garbage-first heap   total 63488K, used 19264K [0x00000000c2000000, 0x0000000100000000)
  region size 1024K, 6 young (6144K), 3 survivors (3072K)
 Metaspace       used 27752K, capacity 28232K, committed 28544K, reserved 1075200K
  class space    used 2960K, capacity 3121K, committed 3200K, reserved 1048576K
GC Heap History (8 events):
Event: 0.580 GC heap before
{Heap before GC invocations=0 (full 0):
 garbage-first heap   total 63488K, used 17408K [0x00000000c2000000, 0x0000000100000000)
  region size 1024K, 14 young (14336K), 0 survivors (0K)
 Metaspace       used 9774K, capacity 9871K, committed 10112K, reserved 1058816K
  class space    used 828K, capacity 884K, committed 896K, reserved 1048576K
}
Event: 0.585 GC heap after
{Heap after GC invocations=1 (full 0):
 garbage-first heap   total 63488K, used 5156K [0x00000000c2000000, 0x0000000100000000)
  region size 1024K, 2 young (2048K), 2 survivors (2048K)
 Metaspace       used 9774K, capacity 9871K, committed 10112K, reserved 1058816K
  class space    used 828K, capacity 884K, committed 896K, reserved 1048576K
}
Event: 2.014 GC heap before
{Heap before GC invocations=1 (full 0):
 garbage-first heap   total 63488K, used 40996K [0x00000000c2000000, 0x0000000100000000)
  region size 1024K, 37 young (37888K), 2 survivors (2048K)
 Metaspace       used 18112K, capacity 18275K, committed 18560K, reserved 1067008K
  class space    used 1834K, capacity 1872K, committed 1920K, reserved 1048576K
}
Event: 2.034 GC heap after
{Heap after GC invocations=2 (full 0):
 garbage-first heap   total 63488K, used 8846K [0x00000000c2000000, 0x0000000100000000)
  region size 1024K, 5 young (5120K), 5 survivors (5120K)
 Metaspace       used 18112K, capacity 18275K, committed 18560K, reserved 1067008K
  class space    used 1834K, capacity 1872K, committed 1920K, reserved 1048576K
}
Event: 2.454 GC heap before
{Heap before GC invocations=2 (full 0):
 garbage-first heap   total 63488K, used 19086K [0x00000000c2000000, 0x0000000100000000)
  region size 1024K, 16 young (16384K), 5 survivors (5120K)
 Metaspace       used 20964K, capacity 21184K, committed 21248K, reserved 1069056K
  class space    used 2186K, capacity 2291K, committed 2304K, reserved 1048576K
}
Event: 2.471 GC heap after
{Heap after GC invocations=3 (full 0):
 garbage-first heap   total 63488K, used 9924K [0x00000000c2000000, 0x0000000100000000)
  region size 1024K, 1 young (1024K), 1 survivors (1024K)
 Metaspace       used 20964K, capacity 21184K, committed 21248K, reserved 1069056K
  class space    used 2186K, capacity 2291K, committed 2304K, reserved 1048576K
}
Event: 3.861 GC heap before
{Heap before GC invocations=4 (full 0):
 garbage-first heap   total 63488K, used 38596K [0x00000000c2000000, 0x0000000100000000)
  region size 1024K, 23 young (23552K), 1 survivors (1024K)
 Metaspace       used 26805K, capacity 27281K, committed 27392K, reserved 1073152K
  class space    used 2836K, capacity 3017K, committed 3072K, reserved 1048576K
}
Event: 3.868 GC heap after
{Heap after GC invocations=5 (full 0):
 garbage-first heap   total 63488K, used 17216K [0x00000000c2000000, 0x0000000100000000)
  region size 1024K, 3 young (3072K), 3 survivors (3072K)
 Metaspace       used 26805K, capacity 27281K, committed 27392K, reserved 1073152K
  class space    used 2836K, capacity 3017K, committed 3072K, reserved 1048576K
}

