# JRE version: OpenJDK Runtime Environment (11.0.10) (build 11.0.10+0-b96-7249189)
# Java VM: OpenJDK 64-Bit Server VM (11.0.10+0-b96-7249189, mixed mode, tiered, compressed oops, g1 gc, windows-amd64)
Heap:
 garbage-first heap   total 133120K, used 94795K [0x0000000080000000, 0x0000000100000000)
  region size 1024K, 21 young (21504K), 1 survivors (1024K)
 Metaspace       used 59677K, capacity 61448K, committed 61644K, reserved 1103872K
  class space    used 7598K, capacity 8181K, committed 8192K, reserved 1048576K
GC Heap History (20 events):
Event: 7.366 GC heap before
{Heap before GC invocations=14 (full 0):
 garbage-first heap   total 92160K, used 61431K [0x0000000080000000, 0x0000000100000000)
  region size 1024K, 25 young (25600K), 3 survivors (3072K)
 Metaspace       used 41478K, capacity 42602K, committed 42828K, reserved 1087488K
  class space    used 5351K, capacity 5744K, committed 5760K, reserved 1048576K
}
Event: 7.372 GC heap after
{Heap after GC invocations=15 (full 0):
 garbage-first heap   total 92160K, used 40577K [0x0000000080000000, 0x0000000100000000)
  region size 1024K, 3 young (3072K), 3 survivors (3072K)
 Metaspace       used 41478K, capacity 42602K, committed 42828K, reserved 1087488K
  class space    used 5351K, capacity 5744K, committed 5760K, reserved 1048576K
}
Event: 7.558 GC heap before
{Heap before GC invocations=16 (full 0):
 garbage-first heap   total 92160K, used 50817K [0x0000000080000000, 0x0000000100000000)
  region size 1024K, 9 young (9216K), 3 survivors (3072K)
 Metaspace       used 41734K, capacity 42813K, committed 42956K, reserved 1087488K
  class space    used 5372K, capacity 5787K, committed 5888K, reserved 1048576K
}
Event: 7.569 GC heap after
{Heap after GC invocations=17 (full 0):
 garbage-first heap   total 92160K, used 46844K [0x0000000080000000, 0x0000000100000000)
  region size 1024K, 2 young (2048K), 2 survivors (2048K)
 Metaspace       used 41734K, capacity 42813K, committed 42956K, reserved 1087488K
  class space    used 5372K, capacity 5787K, committed 5888K, reserved 1048576K
}
Event: 7.816 GC heap before
{Heap before GC invocations=18 (full 0):
 garbage-first heap   total 92160K, used 61180K [0x0000000080000000, 0x0000000100000000)
  region size 1024K, 15 young (15360K), 2 survivors (2048K)
 Metaspace       used 42413K, capacity 43694K, committed 43852K, reserved 1087488K
  class space    used 5446K, capacity 5907K, committed 6016K, reserved 1048576K
}
Event: 7.824 GC heap after
{Heap after GC invocations=19 (full 0):
 garbage-first heap   total 110592K, used 52224K [0x0000000080000000, 0x0000000100000000)
  region size 1024K, 3 young (3072K), 3 survivors (3072K)
 Metaspace       used 42413K, capacity 43694K, committed 43852K, reserved 1087488K
  class space    used 5446K, capacity 5907K, committed 6016K, reserved 1048576K
}
Event: 8.309 GC heap before
{Heap before GC invocations=20 (full 0):
 garbage-first heap   total 110592K, used 76800K [0x0000000080000000, 0x0000000100000000)
  region size 1024K, 27 young (27648K), 3 survivors (3072K)
 Metaspace       used 44536K, capacity 45798K, committed 46028K, reserved 1089536K
  class space    used 5600K, capacity 6053K, committed 6144K, reserved 1048576K
}
Event: 8.315 GC heap after
{Heap after GC invocations=21 (full 0):
 garbage-first heap   total 110592K, used 54215K [0x0000000080000000, 0x0000000100000000)
  region size 1024K, 4 young (4096K), 4 survivors (4096K)
 Metaspace       used 44536K, capacity 45798K, committed 46028K, reserved 1089536K
  class space    used 5600K, capacity 6053K, committed 6144K, reserved 1048576K
}
Event: 8.654 GC heap before
{Heap before GC invocations=21 (full 0):
 garbage-first heap   total 110592K, used 77767K [0x0000000080000000, 0x0000000100000000)
  region size 1024K, 28 young (28672K), 4 survivors (4096K)
 Metaspace       used 46040K, capacity 47202K, committed 47436K, reserved 1091584K
  class space    used 5847K, capacity 6265K, committed 6272K, reserved 1048576K
}
Event: 8.662 GC heap after
{Heap after GC invocations=22 (full 0):
 garbage-first heap   total 110592K, used 56031K [0x0000000080000000, 0x0000000100000000)
  region size 1024K, 4 young (4096K), 4 survivors (4096K)
 Metaspace       used 46040K, capacity 47202K, committed 47436K, reserved 1091584K
  class space    used 5847K, capacity 6265K, committed 6272K, reserved 1048576K
}
Event: 9.059 GC heap before
{Heap before GC invocations=23 (full 0):
 garbage-first heap   total 110592K, used 81631K [0x0000000080000000, 0x0000000100000000)
  region size 1024K, 29 young (29696K), 4 survivors (4096K)
 Metaspace       used 47526K, capacity 48916K, committed 49100K, reserved 1091584K
  class space    used 6100K, capacity 6560K, committed 6656K, reserved 1048576K
}
Event: 9.069 GC heap after
{Heap after GC invocations=24 (full 0):
 garbage-first heap   total 110592K, used 57046K [0x0000000080000000, 0x0000000100000000)
  region size 1024K, 3 young (3072K), 3 survivors (3072K)
 Metaspace       used 47526K, capacity 48916K, committed 49100K, reserved 1091584K
  class space    used 6100K, capacity 6560K, committed 6656K, reserved 1048576K
}
Event: 9.726 GC heap before
{Heap before GC invocations=24 (full 0):
 garbage-first heap   total 110592K, used 83670K [0x0000000080000000, 0x0000000100000000)
  region size 1024K, 29 young (29696K), 3 survivors (3072K)
 Metaspace       used 49247K, capacity 50656K, committed 50764K, reserved 1093632K
  class space    used 6308K, capacity 6773K, committed 6784K, reserved 1048576K
}
Event: 9.744 GC heap after
{Heap after GC invocations=25 (full 0):
 garbage-first heap   total 133120K, used 59048K [0x0000000080000000, 0x0000000100000000)
  region size 1024K, 3 young (3072K), 3 survivors (3072K)
 Metaspace       used 49247K, capacity 50656K, committed 50764K, reserved 1093632K
  class space    used 6308K, capacity 6773K, committed 6784K, reserved 1048576K
}
Event: 10.548 GC heap before
{Heap before GC invocations=26 (full 0):
 garbage-first heap   total 133120K, used 81576K [0x0000000080000000, 0x0000000100000000)
  region size 1024K, 24 young (24576K), 3 survivors (3072K)
 Metaspace       used 49783K, capacity 51261K, committed 51404K, reserved 1093632K
  class space    used 6350K, capacity 6818K, committed 6912K, reserved 1048576K
}
Event: 10.560 GC heap after
{Heap after GC invocations=27 (full 0):
 garbage-first heap   total 133120K, used 64941K [0x0000000080000000, 0x0000000100000000)
  region size 1024K, 5 young (5120K), 5 survivors (5120K)
 Metaspace       used 49783K, capacity 51261K, committed 51404K, reserved 1093632K
  class space    used 6350K, capacity 6818K, committed 6912K, reserved 1048576K
}
Event: 11.279 GC heap before
{Heap before GC invocations=28 (full 0):
 garbage-first heap   total 133120K, used 99757K [0x0000000080000000, 0x0000000100000000)
  region size 1024K, 35 young (35840K), 5 survivors (5120K)
 Metaspace       used 52513K, capacity 53947K, committed 54092K, reserved 1095680K
  class space    used 6695K, capacity 7176K, committed 7296K, reserved 1048576K
}
Event: 11.287 GC heap after
{Heap after GC invocations=29 (full 0):
 garbage-first heap   total 133120K, used 74328K [0x0000000080000000, 0x0000000100000000)
  region size 1024K, 5 young (5120K), 5 survivors (5120K)
 Metaspace       used 52513K, capacity 53947K, committed 54092K, reserved 1095680K
  class space    used 6695K, capacity 7176K, committed 7296K, reserved 1048576K
}
Event: 11.827 GC heap before
{Heap before GC invocations=29 (full 0):
 garbage-first heap   total 133120K, used 100952K [0x0000000080000000, 0x0000000100000000)
  region size 1024K, 32 young (32768K), 5 survivors (5120K)
 Metaspace       used 56530K, capacity 58178K, committed 58444K, reserved 1099776K
  class space    used 7175K, capacity 7776K, committed 7808K, reserved 1048576K
}
Event: 11.835 GC heap after
{Heap after GC invocations=30 (full 0):
 garbage-first heap   total 133120K, used 75339K [0x0000000080000000, 0x0000000100000000)
  region size 1024K, 1 young (1024K), 1 survivors (1024K)
 Metaspace       used 56530K, capacity 58178K, committed 58444K, reserved 1099776K
  class space    used 7175K, capacity 7776K, committed 7808K, reserved 1048576K
}

